{
  "RSpec": {
    "coverage": {
      "/Users/lisa/uclibs/staff-directory-23/app/models/user.rb": {
        "lines": [
          null,
          null,
          1,
          null,
          null,
          1,
          null
        ]
      },
      "/Users/lisa/uclibs/staff-directory-23/app/models/application_record.rb": {
        "lines": [
          null,
          null,
          1,
          1,
          null
        ]
      },
      "/Users/lisa/uclibs/staff-directory-23/app/helpers/application_helper.rb": {
        "lines": [
          null,
          null,
          1,
          1,
          36,
          0,
          36,
          6,
          null,
          30,
          null,
          36,
          null,
          null
        ]
      },
      "/Users/lisa/uclibs/staff-directory-23/app/helpers/departments_helper.rb": {
        "lines": [
          null,
          null,
          1,
          null
        ]
      },
      "/Users/lisa/uclibs/staff-directory-23/app/helpers/employees_helper.rb": {
        "lines": [
          null,
          null,
          1,
          null
        ]
      },
      "/Users/lisa/uclibs/staff-directory-23/app/helpers/public_helper.rb": {
        "lines": [
          null,
          null,
          1,
          null
        ]
      },
      "/Users/lisa/uclibs/staff-directory-23/app/helpers/sessions_helper.rb": {
        "lines": [
          null,
          null,
          1,
          null
        ]
      },
      "/Users/lisa/uclibs/staff-directory-23/app/helpers/staffview_helper.rb": {
        "lines": [
          null,
          null,
          1,
          null
        ]
      },
      "/Users/lisa/uclibs/staff-directory-23/app/helpers/user_helper.rb": {
        "lines": [
          null,
          null,
          1,
          null
        ]
      },
      "/Users/lisa/uclibs/staff-directory-23/app/controllers/application_controller.rb": {
        "lines": [
          null,
          null,
          1,
          1,
          1,
          1,
          1,
          null,
          1,
          null,
          1,
          5,
          null,
          null,
          1,
          1,
          1,
          null,
          null
        ]
      },
      "/Users/lisa/uclibs/staff-directory-23/app/controllers/departments_controller.rb": {
        "lines": [
          null,
          null,
          1,
          1,
          1,
          5,
          null,
          null,
          1,
          5,
          null,
          null,
          1,
          4,
          null,
          null,
          null,
          1,
          4,
          null,
          null,
          1,
          7,
          7,
          4,
          null,
          3,
          null,
          null,
          null,
          1,
          7,
          7,
          4,
          null,
          3,
          null,
          null,
          null,
          1,
          4,
          4,
          4,
          8,
          4,
          null,
          null,
          null,
          1,
          null,
          1,
          14,
          null,
          null
        ]
      },
      "/Users/lisa/uclibs/staff-directory-23/app/controllers/employees_controller.rb": {
        "lines": [
          null,
          null,
          1,
          1,
          null,
          null,
          1,
          7,
          7,
          0,
          null,
          0,
          0,
          0,
          0,
          null,
          0,
          null,
          null,
          0,
          null,
          null,
          null,
          null,
          null,
          null,
          1,
          null,
          null,
          1,
          4,
          null,
          null,
          null,
          1,
          null,
          null,
          1,
          10,
          null,
          10,
          10,
          12,
          6,
          null,
          8,
          4,
          null,
          null,
          null,
          null,
          null,
          1,
          9,
          9,
          10,
          5,
          null,
          8,
          4,
          null,
          null,
          null,
          null,
          null,
          1,
          3,
          null,
          3,
          6,
          3,
          null,
          null,
          null,
          1,
          null,
          null,
          1,
          20,
          null,
          null,
          null,
          1,
          19,
          null,
          null
        ]
      },
      "/Users/lisa/uclibs/staff-directory-23/app/controllers/public_controller.rb": {
        "lines": [
          null,
          null,
          1,
          1,
          0,
          null,
          null
        ]
      },
      "/Users/lisa/uclibs/staff-directory-23/app/models/department.rb": {
        "lines": [
          null,
          null,
          1,
          1,
          1,
          null
        ]
      },
      "/Users/lisa/uclibs/staff-directory-23/app/models/employee.rb": {
        "lines": [
          null,
          null,
          1,
          1,
          1,
          1,
          1,
          1,
          48,
          1,
          null,
          null
        ]
      },
      "/Users/lisa/uclibs/staff-directory-23/app/channels/application_cable/channel.rb": {
        "lines": [
          null,
          null,
          0,
          0,
          0,
          0
        ],
        "branches": {
        }
      },
      "/Users/lisa/uclibs/staff-directory-23/app/channels/application_cable/connection.rb": {
        "lines": [
          null,
          null,
          0,
          0,
          0,
          0
        ],
        "branches": {
        }
      },
      "/Users/lisa/uclibs/staff-directory-23/app/jobs/application_job.rb": {
        "lines": [
          null,
          null,
          0,
          null,
          null,
          null,
          null,
          null,
          0
        ],
        "branches": {
        }
      },
      "/Users/lisa/uclibs/staff-directory-23/app/mailers/application_mailer.rb": {
        "lines": [
          null,
          null,
          0,
          0,
          0,
          0
        ],
        "branches": {
        }
      },
      "/Users/lisa/uclibs/staff-directory-23/app/models/view.rb": {
        "lines": [
          null,
          null,
          0,
          null,
          null,
          0,
          0,
          0
        ],
        "branches": {
        }
      }
    },
    "timestamp": 1701724853
  }
}
